Using pre-set license
Built from '2021.1/staging' branch; Version is '2021.1.5f1 (3737af19df53) revision 3618735'; Using compiler version '192528614'; Build Type 'Release'
OS: 'Windows 10 Home Single Language; OS build 19042.1348; Version 2009; 64bit' Language: 'en' Physical Memory: 8046 MB
BatchMode: 1, IsHumanControllingUs: 0, StartBugReporterOnCrash: 0, Is64bit: 1, IsPro: 0

 COMMAND LINE ARGUMENTS:
D:\2021.1.5f1\Editor\Unity.exe
-adb2
-batchMode
-noUpm
-name
AssetImportWorker0
-projectPath
D:/_AAWork/Hero/hero/GameDesign_Game
-logFile
Logs/AssetImportWorker0.log
-srvPort
62757
Successfully changed project path to: D:/_AAWork/Hero/hero/GameDesign_Game
D:/_AAWork/Hero/hero/GameDesign_Game
Using Asset Import Pipeline V2.
Refreshing native plugins compatible for Editor in 96.70 ms, found 2 plugins.
Preloading 0 native plugins for Editor in 0.00 ms.
Initialize engine version: 2021.1.5f1 (3737af19df53)
[Subsystems] Discovering subsystems at path D:/2021.1.5f1/Editor/Data/Resources/UnitySubsystems
[Subsystems] Discovering subsystems at path D:/_AAWork/Hero/hero/GameDesign_Game/Assets
GfxDevice: creating device client; threaded=0; jobified=0
Direct3D:
    Version:  Direct3D 11.0 [level 11.1]
    Renderer: NVIDIA GeForce GTX 1050 Ti (ID=0x1c8c)
    Vendor:   NVIDIA
    VRAM:     4021 MB
    Driver:   27.21.14.6140
Shader 'Universal Render Pipeline/Particles/Lit': fallback shader 'Universal Render Pipeline/Particles/SimpleLit' not found
Initialize mono
Mono path[0] = 'D:/2021.1.5f1/Editor/Data/Managed'
Mono path[1] = 'D:/2021.1.5f1/Editor/Data/MonoBleedingEdge/lib/mono/unityjit'
Mono config path = 'D:/2021.1.5f1/Editor/Data/MonoBleedingEdge/etc'
Using monoOptions --debugger-agent=transport=dt_socket,embedding=1,server=y,suspend=n,address=127.0.0.1:56432
Begin MonoManager ReloadAssembly
Registering precompiled unity dll's ...
Register platform support module: D:/2021.1.5f1/Editor/Data/PlaybackEngines/MacStandaloneSupport/UnityEditor.OSXStandalone.Extensions.dll
Register platform support module: D:/2021.1.5f1/Editor/Data/PlaybackEngines/WindowsStandaloneSupport/UnityEditor.WindowsStandalone.Extensions.dll
Register platform support module: D:/2021.1.5f1/Editor/Data/PlaybackEngines/LinuxStandaloneSupport/UnityEditor.LinuxStandalone.Extensions.dll
Register platform support module: D:/2021.1.5f1/Editor/Data/PlaybackEngines/LuminSupport/UnityEditor.Lumin.Extensions.dll
Registered in 0.001780 seconds.
Native extension for Lumin target not found
Native extension for LinuxStandalone target not found
Native extension for WindowsStandalone target not found
Native extension for OSXStandalone target not found
Refreshing native plugins compatible for Editor in 58.07 ms, found 2 plugins.
Preloading 0 native plugins for Editor in 0.00 ms.
Mono: successfully reloaded assembly
- Completed reload, in  1.892 seconds
Platform modules already initialized, skipping
Registering precompiled user dll's ...
Registered in 0.003096 seconds.
Begin MonoManager ReloadAssembly
Native extension for Lumin target not found
Native extension for LinuxStandalone target not found
Native extension for WindowsStandalone target not found
Native extension for OSXStandalone target not found
Refreshing native plugins compatible for Editor in 62.31 ms, found 2 plugins.
Preloading 0 native plugins for Editor in 0.00 ms.
Mono: successfully reloaded assembly
- Completed reload, in  1.543 seconds
Platform modules already initialized, skipping
========================================================================
Worker process is ready to serve import requests
Shader 'Universal Render Pipeline/Particles/Lit': fallback shader 'Universal Render Pipeline/Particles/SimpleLit' not found
Launched and connected shader compiler UnityShaderCompiler.exe after 0.09 seconds
Refreshing native plugins compatible for Editor in 0.69 ms, found 2 plugins.
Preloading 0 native plugins for Editor in 0.00 ms.
Unloading 2847 Unused Serialized files (Serialized files now loaded: 0)
System memory in use before: 129.7 MB.
System memory in use after: 129.9 MB.

Unloading 20 unused Assets to reduce memory usage. Loaded Objects now: 3304.
Total: 3.300200 ms (FindLiveObjects: 0.255400 ms CreateObjectMapping: 0.136200 ms MarkObjects: 2.841800 ms  DeleteObjects: 0.065600 ms)

========================================================================
Received Import Request.
  path: Assets/Prefeb/healing effect 1.prefab
  artifactKey: Guid(82bc0dec149f6a947973a7c25e479392) Importer(815301076,1909f56bfc062723c751e8b465ee728b)
Start importing Assets/Prefeb/healing effect 1.prefab using Guid(82bc0dec149f6a947973a7c25e479392) Importer(815301076,1909f56bfc062723c751e8b465ee728b)  -> (artifact id: 'eb1191fb903dd1406e407bce7bde0ab5') in 0.778313 seconds 
========================================================================
Received Import Request.
  Time since last request: 0.000478 seconds.
  path: Assets/Prefeb/healing effect.prefab
  artifactKey: Guid(60aea5926f895f641a520cfc2039596f) Importer(815301076,1909f56bfc062723c751e8b465ee728b)
Start importing Assets/Prefeb/healing effect.prefab using Guid(60aea5926f895f641a520cfc2039596f) Importer(815301076,1909f56bfc062723c751e8b465ee728b)  -> (artifact id: '8b1e723cad807134467cc40d9970f0c3') in 0.019598 seconds 
========================================================================
Received Import Request.
  Time since last request: 0.000484 seconds.
  path: Assets/Prefeb/heal spirit sheet_0.prefab
  artifactKey: Guid(99f7c04d659ad564d91e9b378d172e52) Importer(815301076,1909f56bfc062723c751e8b465ee728b)
Start importing Assets/Prefeb/heal spirit sheet_0.prefab using Guid(99f7c04d659ad564d91e9b378d172e52) Importer(815301076,1909f56bfc062723c751e8b465ee728b)  -> (artifact id: '36d7e61cb493a3e7622181584bd475b5') in 0.015757 seconds 
========================================================================
Received Import Request.
  Time since last request: 0.000366 seconds.
  path: Assets/Prefeb/healing effect-Sheet_0.prefab
  artifactKey: Guid(a209f8bcd78e1144a808955f18cbc40b) Importer(815301076,1909f56bfc062723c751e8b465ee728b)
Start importing Assets/Prefeb/healing effect-Sheet_0.prefab using Guid(a209f8bcd78e1144a808955f18cbc40b) Importer(815301076,1909f56bfc062723c751e8b465ee728b)  -> (artifact id: '15a916248cd0e1a87a78546e48bab1bc') in 0.017251 seconds 
========================================================================
Received Import Request.
  Time since last request: 0.000372 seconds.
  path: Assets/Prefeb/lizard.prefab
  artifactKey: Guid(0ad87f3b04aea0e4ab72368c96509a07) Importer(815301076,1909f56bfc062723c751e8b465ee728b)
Start importing Assets/Prefeb/lizard.prefab using Guid(0ad87f3b04aea0e4ab72368c96509a07) Importer(815301076,1909f56bfc062723c751e8b465ee728b)  -> (artifact id: 'a107fe08e14d9f3de89af02f2867b18b') in 0.028237 seconds 
========================================================================
Received Import Request.
  Time since last request: 186.750176 seconds.
  path: Assets/Prefeb/Cyclop_Boss.prefab
  artifactKey: Guid(8cbaf87774794c340a2a0d019853e114) Importer(815301076,1909f56bfc062723c751e8b465ee728b)
Start importing Assets/Prefeb/Cyclop_Boss.prefab using Guid(8cbaf87774794c340a2a0d019853e114) Importer(815301076,1909f56bfc062723c751e8b465ee728b) Asset 'cyclop-Sheet_0': Transition 'Cyclop_Blunt -> Cyclop_HoriAtk' in state 'Cyclop_Blunt' doesn't have an Exit Time or any condition, transition will be ignored
UnityEngine.StackTraceUtility:ExtractStackTrace ()
UnityEditor.EditorUtility:Internal_InstantiateRemoveAllNonAnimationComponentsSingle (UnityEngine.Object,UnityEngine.Vector3,UnityEngine.Quaternion)
UnityEditor.EditorUtility:InstantiateRemoveAllNonAnimationComponents (UnityEngine.Object,UnityEngine.Vector3,UnityEngine.Quaternion)
UnityEditor.EditorUtility:InstantiateForAnimatorPreview (UnityEngine.Object)
UnityEditor.GameObjectInspector/PreviewData:UpdateGameObject (UnityEngine.Object)
UnityEditor.GameObjectInspector/PreviewData:.ctor (UnityEngine.Object)
UnityEditor.GameObjectInspector:GetPreviewData ()
UnityEditor.GameObjectInspector:RenderStaticPreview (string,UnityEngine.Object[],int,int)
UnityEditor.AssetPreviewUpdater:CreatePreview (UnityEngine.Object,UnityEngine.Object[],string,int,int)
UnityEditor.AssetPreviewUpdater:CreatePreviewForAsset (UnityEngine.Object,UnityEngine.Object[],string)

[C:\buildslave\unity\build\Editor/Src/Animation/StateMachine.cpp line 1847]

 -> (artifact id: '364286deaeaff996fd48092e58b9e52c') in 7.056279 seconds 
========================================================================
Received Prepare
Registering precompiled user dll's ...
Registered in 0.002458 seconds.
Begin MonoManager ReloadAssembly
Native extension for Lumin target not found
Native extension for LinuxStandalone target not found
Native extension for WindowsStandalone target not found
Native extension for OSXStandalone target not found
Refreshing native plugins compatible for Editor in 0.73 ms, found 2 plugins.
Preloading 0 native plugins for Editor in 0.00 ms.
Mono: successfully reloaded assembly
- Completed reload, in  2.233 seconds
Platform modules already initialized, skipping
Shader 'Universal Render Pipeline/Particles/Lit': fallback shader 'Universal Render Pipeline/Particles/SimpleLit' not found
Refreshing native plugins compatible for Editor in 0.70 ms, found 2 plugins.
Preloading 0 native plugins for Editor in 0.00 ms.
Unloading 2737 Unused Serialized files (Serialized files now loaded: 0)
System memory in use before: 128.5 MB.
System memory in use after: 128.7 MB.

Unloading 11 unused Assets to reduce memory usage. Loaded Objects now: 3354.
Total: 3.499000 ms (FindLiveObjects: 0.256200 ms CreateObjectMapping: 0.163800 ms MarkObjects: 3.057100 ms  DeleteObjects: 0.020900 ms)

========================================================================
Received Import Request.
  Time since last request: 3153.402224 seconds.
  path: Assets/Prefeb/FloatingTextt.prefab
  artifactKey: Guid(01dd6790e7d66de4e95c5cbcd3afd041) Importer(815301076,1909f56bfc062723c751e8b465ee728b)
Start importing Assets/Prefeb/FloatingTextt.prefab using Guid(01dd6790e7d66de4e95c5cbcd3afd041) Importer(815301076,1909f56bfc062723c751e8b465ee728b)  -> (artifact id: 'b6c7301b8b808c3ec348de880fa7db47') in 0.066769 seconds 
========================================================================
Received Prepare
Registering precompiled user dll's ...
Registered in 0.431053 seconds.
Begin MonoManager ReloadAssembly
Native extension for Lumin target not found
Native extension for LinuxStandalone target not found
Native extension for WindowsStandalone target not found
Native extension for OSXStandalone target not found
Refreshing native plugins compatible for Editor in 0.63 ms, found 2 plugins.
Preloading 0 native plugins for Editor in 0.00 ms.
Mono: successfully reloaded assembly
- Completed reload, in 15.000 seconds
Platform modules already initialized, skipping
Shader 'Universal Render Pipeline/Particles/Lit': fallback shader 'Universal Render Pipeline/Particles/SimpleLit' not found
Refreshing native plugins compatible for Editor in 0.59 ms, found 2 plugins.
Preloading 0 native plugins for Editor in 0.00 ms.
Unloading 2737 Unused Serialized files (Serialized files now loaded: 0)
System memory in use before: 128.5 MB.
System memory in use after: 128.7 MB.

Unloading 11 unused Assets to reduce memory usage. Loaded Objects now: 3356.
Total: 205.786600 ms (FindLiveObjects: 20.631200 ms CreateObjectMapping: 0.218500 ms MarkObjects: 184.879300 ms  DeleteObjects: 0.054300 ms)

========================================================================
Received Prepare
Registering precompiled user dll's ...
Registered in 0.121235 seconds.
Begin MonoManager ReloadAssembly
Native extension for Lumin target not found
Native extension for LinuxStandalone target not found
Native extension for WindowsStandalone target not found
Native extension for OSXStandalone target not found
Refreshing native plugins compatible for Editor in 0.67 ms, found 2 plugins.
Preloading 0 native plugins for Editor in 0.00 ms.
Mono: successfully reloaded assembly
- Completed reload, in  7.134 seconds
Platform modules already initialized, skipping
Shader 'Universal Render Pipeline/Particles/Lit': fallback shader 'Universal Render Pipeline/Particles/SimpleLit' not found
Refreshing native plugins compatible for Editor in 0.60 ms, found 2 plugins.
Preloading 0 native plugins for Editor in 0.00 ms.
Unloading 2737 Unused Serialized files (Serialized files now loaded: 0)
System memory in use before: 128.5 MB.
System memory in use after: 128.8 MB.

Unloading 11 unused Assets to reduce memory usage. Loaded Objects now: 3358.
Total: 5.481600 ms (FindLiveObjects: 0.330100 ms CreateObjectMapping: 0.219900 ms MarkObjects: 4.875800 ms  DeleteObjects: 0.053800 ms)

========================================================================
Received Prepare
Registering precompiled user dll's ...
Registered in 0.045280 seconds.
Begin MonoManager ReloadAssembly
Native extension for Lumin target not found
Native extension for LinuxStandalone target not found
Native extension for WindowsStandalone target not found
Native extension for OSXStandalone target not found
Refreshing native plugins compatible for Editor in 0.67 ms, found 2 plugins.
Preloading 0 native plugins for Editor in 0.00 ms.
Mono: successfully reloaded assembly
- Completed reload, in  1.606 seconds
Platform modules already initialized, skipping
Shader 'Universal Render Pipeline/Particles/Lit': fallback shader 'Universal Render Pipeline/Particles/SimpleLit' not found
Refreshing native plugins compatible for Editor in 0.64 ms, found 2 plugins.
Preloading 0 native plugins for Editor in 0.00 ms.
Unloading 2737 Unused Serialized files (Serialized files now loaded: 0)
System memory in use before: 128.6 MB.
System memory in use after: 128.8 MB.

Unloading 11 unused Assets to reduce memory usage. Loaded Objects now: 3360.
Total: 6.884600 ms (FindLiveObjects: 0.219600 ms CreateObjectMapping: 0.121500 ms MarkObjects: 6.462400 ms  DeleteObjects: 0.078200 ms)

========================================================================
Received Import Request.
  Time since last request: 39356.614501 seconds.
  path: Assets/Prefeb/lizard.prefab
  artifactKey: Guid(0ad87f3b04aea0e4ab72368c96509a07) Importer(815301076,1909f56bfc062723c751e8b465ee728b)
Start importing Assets/Prefeb/lizard.prefab using Guid(0ad87f3b04aea0e4ab72368c96509a07) Importer(815301076,1909f56bfc062723c751e8b465ee728b)  -> (artifact id: '8e6af6796f38b907f456b3cc2fd06d31') in 7.227302 seconds 
========================================================================
Received Prepare
Registering precompiled user dll's ...
Registered in 0.003378 seconds.
Begin MonoManager ReloadAssembly
Native extension for Lumin target not found
Native extension for LinuxStandalone target not found
Native extension for WindowsStandalone target not found
Native extension for OSXStandalone target not found
Refreshing native plugins compatible for Editor in 0.52 ms, found 2 plugins.
Preloading 0 native plugins for Editor in 0.00 ms.
Mono: successfully reloaded assembly
- Completed reload, in  2.304 seconds
Platform modules already initialized, skipping
Shader 'Universal Render Pipeline/Particles/Lit': fallback shader 'Universal Render Pipeline/Particles/SimpleLit' not found
Refreshing native plugins compatible for Editor in 0.54 ms, found 2 plugins.
Preloading 0 native plugins for Editor in 0.00 ms.
Unloading 2737 Unused Serialized files (Serialized files now loaded: 0)
System memory in use before: 128.7 MB.
System memory in use after: 128.9 MB.

Unloading 11 unused Assets to reduce memory usage. Loaded Objects now: 3400.
Total: 2.936900 ms (FindLiveObjects: 0.222200 ms CreateObjectMapping: 0.126000 ms MarkObjects: 2.535800 ms  DeleteObjects: 0.052100 ms)

========================================================================
Received Import Request.
  Time since last request: 4149.063329 seconds.
  path: Assets/Prefeb/FloatingTextt.prefab
  artifactKey: Guid(01dd6790e7d66de4e95c5cbcd3afd041) Importer(815301076,1909f56bfc062723c751e8b465ee728b)
Start importing Assets/Prefeb/FloatingTextt.prefab using Guid(01dd6790e7d66de4e95c5cbcd3afd041) Importer(815301076,1909f56bfc062723c751e8b465ee728b)  -> (artifact id: 'd5476058191107e04e6ebf00ac14c574') in 0.836286 seconds 
========================================================================
Received Prepare
Registering precompiled user dll's ...
Registered in 0.003043 seconds.
Begin MonoManager ReloadAssembly
Native extension for Lumin target not found
Native extension for LinuxStandalone target not found
Native extension for WindowsStandalone target not found
Native extension for OSXStandalone target not found
Refreshing native plugins compatible for Editor in 0.53 ms, found 2 plugins.
Preloading 0 native plugins for Editor in 0.00 ms.
Mono: successfully reloaded assembly
- Completed reload, in  1.662 seconds
Platform modules already initialized, skipping
Shader 'Universal Render Pipeline/Particles/Lit': fallback shader 'Universal Render Pipeline/Particles/SimpleLit' not found
Refreshing native plugins compatible for Editor in 0.76 ms, found 2 plugins.
Preloading 0 native plugins for Editor in 0.00 ms.
Unloading 2737 Unused Serialized files (Serialized files now loaded: 0)
System memory in use before: 128.6 MB.
System memory in use after: 128.8 MB.

Unloading 11 unused Assets to reduce memory usage. Loaded Objects now: 3402.
Total: 3.415700 ms (FindLiveObjects: 0.268000 ms CreateObjectMapping: 0.174300 ms MarkObjects: 2.954600 ms  DeleteObjects: 0.017600 ms)

========================================================================
Received Prepare
Registering precompiled user dll's ...
Registered in 0.002567 seconds.
Begin MonoManager ReloadAssembly
Native extension for Lumin target not found
Native extension for LinuxStandalone target not found
Native extension for WindowsStandalone target not found
Native extension for OSXStandalone target not found
Refreshing native plugins compatible for Editor in 0.60 ms, found 2 plugins.
Preloading 0 native plugins for Editor in 0.00 ms.
Mono: successfully reloaded assembly
- Completed reload, in  3.078 seconds
Platform modules already initialized, skipping
Shader 'Universal Render Pipeline/Particles/Lit': fallback shader 'Universal Render Pipeline/Particles/SimpleLit' not found
Refreshing native plugins compatible for Editor in 0.51 ms, found 2 plugins.
Preloading 0 native plugins for Editor in 0.00 ms.
Unloading 2737 Unused Serialized files (Serialized files now loaded: 0)
System memory in use before: 128.6 MB.
System memory in use after: 128.9 MB.

Unloading 11 unused Assets to reduce memory usage. Loaded Objects now: 3404.
Total: 3.501500 ms (FindLiveObjects: 0.255400 ms CreateObjectMapping: 0.115500 ms MarkObjects: 3.110400 ms  DeleteObjects: 0.018800 ms)

========================================================================
Received Import Request.
  Time since last request: 17307.175944 seconds.
  path: Assets/Prefeb/FloatingTextt.controller
  artifactKey: Guid(e0de25fde8455db42800e9ef1b1bd41c) Importer(815301076,1909f56bfc062723c751e8b465ee728b)
Start importing Assets/Prefeb/FloatingTextt.controller using Guid(e0de25fde8455db42800e9ef1b1bd41c) Importer(815301076,1909f56bfc062723c751e8b465ee728b)  -> (artifact id: '7641c9e25a88ae95f504438ac405c066') in 18.021102 seconds 
========================================================================
Received Import Request.
  Time since last request: 0.077406 seconds.
  path: Assets/Prefeb/FloatingTextPrefab.anim
  artifactKey: Guid(9845aac39d81c1a4da54c08bdb3daad0) Importer(815301076,1909f56bfc062723c751e8b465ee728b)
Start importing Assets/Prefeb/FloatingTextPrefab.anim using Guid(9845aac39d81c1a4da54c08bdb3daad0) Importer(815301076,1909f56bfc062723c751e8b465ee728b)  -> (artifact id: '00b4279aa4ec3de5bd768f70828eef0f') in 0.340010 seconds 
========================================================================
Received Prepare
Registering precompiled user dll's ...
Registered in 0.003333 seconds.
Begin MonoManager ReloadAssembly
Native extension for Lumin target not found
Native extension for LinuxStandalone target not found
Native extension for WindowsStandalone target not found
Native extension for OSXStandalone target not found
Refreshing native plugins compatible for Editor in 0.65 ms, found 2 plugins.
Preloading 0 native plugins for Editor in 0.00 ms.
Mono: successfully reloaded assembly
- Completed reload, in 50.629 seconds
Platform modules already initialized, skipping
Shader 'Universal Render Pipeline/Particles/Lit': fallback shader 'Universal Render Pipeline/Particles/SimpleLit' not found
Refreshing native plugins compatible for Editor in 0.54 ms, found 2 plugins.
Preloading 0 native plugins for Editor in 0.00 ms.
Unloading 2737 Unused Serialized files (Serialized files now loaded: 0)
System memory in use before: 128.6 MB.
System memory in use after: 128.9 MB.

Unloading 11 unused Assets to reduce memory usage. Loaded Objects now: 3406.
Total: 28.154500 ms (FindLiveObjects: 0.281900 ms CreateObjectMapping: 0.146000 ms MarkObjects: 27.672900 ms  DeleteObjects: 0.052300 ms)

========================================================================
Received Prepare
Registering precompiled user dll's ...
Registered in 0.002405 seconds.
Begin MonoManager ReloadAssembly
Native extension for Lumin target not found
Native extension for LinuxStandalone target not found
Native extension for WindowsStandalone target not found
Native extension for OSXStandalone target not found
Refreshing native plugins compatible for Editor in 0.53 ms, found 2 plugins.
Preloading 0 native plugins for Editor in 0.00 ms.
Mono: successfully reloaded assembly
- Completed reload, in  1.767 seconds
Platform modules already initialized, skipping
Shader 'Universal Render Pipeline/Particles/Lit': fallback shader 'Universal Render Pipeline/Particles/SimpleLit' not found
Refreshing native plugins compatible for Editor in 0.70 ms, found 2 plugins.
Preloading 0 native plugins for Editor in 0.00 ms.
Unloading 2737 Unused Serialized files (Serialized files now loaded: 0)
System memory in use before: 128.7 MB.
System memory in use after: 128.9 MB.

Unloading 11 unused Assets to reduce memory usage. Loaded Objects now: 3408.
Total: 3.224600 ms (FindLiveObjects: 0.305500 ms CreateObjectMapping: 0.161700 ms MarkObjects: 2.738800 ms  DeleteObjects: 0.017000 ms)

========================================================================
Received Prepare
Registering precompiled user dll's ...
Registered in 0.002410 seconds.
Begin MonoManager ReloadAssembly
Native extension for Lumin target not found
Native extension for LinuxStandalone target not found
Native extension for WindowsStandalone target not found
Native extension for OSXStandalone target not found
Refreshing native plugins compatible for Editor in 0.75 ms, found 2 plugins.
Preloading 0 native plugins for Editor in 0.00 ms.
Mono: successfully reloaded assembly
- Completed reload, in  3.254 seconds
Platform modules already initialized, skipping
Shader 'Universal Render Pipeline/Particles/Lit': fallback shader 'Universal Render Pipeline/Particles/SimpleLit' not found
Refreshing native plugins compatible for Editor in 1.19 ms, found 2 plugins.
Preloading 0 native plugins for Editor in 0.00 ms.
Unloading 2737 Unused Serialized files (Serialized files now loaded: 0)
System memory in use before: 128.7 MB.
System memory in use after: 128.9 MB.

Unloading 11 unused Assets to reduce memory usage. Loaded Objects now: 3410.
Total: 4.710800 ms (FindLiveObjects: 0.374900 ms CreateObjectMapping: 0.385300 ms MarkObjects: 3.923400 ms  DeleteObjects: 0.025000 ms)

========================================================================
Received Prepare
Registering precompiled user dll's ...
Registered in 0.130093 seconds.
Begin MonoManager ReloadAssembly
Native extension for Lumin target not found
Native extension for LinuxStandalone target not found
Native extension for WindowsStandalone target not found
Native extension for OSXStandalone target not found
Refreshing native plugins compatible for Editor in 0.62 ms, found 2 plugins.
Preloading 0 native plugins for Editor in 0.00 ms.
Mono: successfully reloaded assembly
- Completed reload, in  1.716 seconds
Platform modules already initialized, skipping
Shader 'Universal Render Pipeline/Particles/Lit': fallback shader 'Universal Render Pipeline/Particles/SimpleLit' not found
Refreshing native plugins compatible for Editor in 0.85 ms, found 2 plugins.
Preloading 0 native plugins for Editor in 0.00 ms.
Unloading 2737 Unused Serialized files (Serialized files now loaded: 0)
System memory in use before: 128.7 MB.
System memory in use after: 128.9 MB.

Unloading 11 unused Assets to reduce memory usage. Loaded Objects now: 3412.
Total: 6.592300 ms (FindLiveObjects: 0.394800 ms CreateObjectMapping: 0.247100 ms MarkObjects: 5.926300 ms  DeleteObjects: 0.022400 ms)

========================================================================
Received Prepare
Registering precompiled user dll's ...
Registered in 0.004524 seconds.
Begin MonoManager ReloadAssembly
Native extension for Lumin target not found
Native extension for LinuxStandalone target not found
Native extension for WindowsStandalone target not found
Native extension for OSXStandalone target not found
Refreshing native plugins compatible for Editor in 0.66 ms, found 2 plugins.
Preloading 0 native plugins for Editor in 0.00 ms.
Mono: successfully reloaded assembly
- Completed reload, in  2.479 seconds
Platform modules already initialized, skipping
Shader 'Universal Render Pipeline/Particles/Lit': fallback shader 'Universal Render Pipeline/Particles/SimpleLit' not found
Refreshing native plugins compatible for Editor in 0.71 ms, found 2 plugins.
Preloading 0 native plugins for Editor in 0.00 ms.
Unloading 2737 Unused Serialized files (Serialized files now loaded: 0)
System memory in use before: 128.7 MB.
System memory in use after: 128.9 MB.

Unloading 11 unused Assets to reduce memory usage. Loaded Objects now: 3414.
Total: 3.633100 ms (FindLiveObjects: 0.289200 ms CreateObjectMapping: 0.174900 ms MarkObjects: 3.152000 ms  DeleteObjects: 0.015900 ms)

========================================================================
Received Import Request.
  Time since last request: 1332.062134 seconds.
  path: Assets/Prefeb/FloatingTextt.prefab
  artifactKey: Guid(01dd6790e7d66de4e95c5cbcd3afd041) Importer(815301076,1909f56bfc062723c751e8b465ee728b)
Start importing Assets/Prefeb/FloatingTextt.prefab using Guid(01dd6790e7d66de4e95c5cbcd3afd041) Importer(815301076,1909f56bfc062723c751e8b465ee728b)  -> (artifact id: '1e8884caab0fb1a6476594c36aa41144') in 0.239723 seconds 
========================================================================
Received Prepare
Registering precompiled user dll's ...
Registered in 0.002372 seconds.
Begin MonoManager ReloadAssembly
Native extension for Lumin target not found
Native extension for LinuxStandalone target not found
Native extension for WindowsStandalone target not found
Native extension for OSXStandalone target not found
Refreshing native plugins compatible for Editor in 0.77 ms, found 2 plugins.
Preloading 0 native plugins for Editor in 0.00 ms.
Mono: successfully reloaded assembly
- Completed reload, in  1.698 seconds
Platform modules already initialized, skipping
Shader 'Universal Render Pipeline/Particles/Lit': fallback shader 'Universal Render Pipeline/Particles/SimpleLit' not found
Refreshing native plugins compatible for Editor in 0.56 ms, found 2 plugins.
Preloading 0 native plugins for Editor in 0.00 ms.
Unloading 2737 Unused Serialized files (Serialized files now loaded: 0)
System memory in use before: 128.7 MB.
System memory in use after: 128.9 MB.

Unloading 11 unused Assets to reduce memory usage. Loaded Objects now: 3416.
Total: 4.400200 ms (FindLiveObjects: 0.382300 ms CreateObjectMapping: 0.225900 ms MarkObjects: 3.762900 ms  DeleteObjects: 0.027300 ms)

========================================================================
Received Prepare
Registering precompiled user dll's ...
Registered in 0.004099 seconds.
Begin MonoManager ReloadAssembly
Native extension for Lumin target not found
Native extension for LinuxStandalone target not found
Native extension for WindowsStandalone target not found
Native extension for OSXStandalone target not found
Refreshing native plugins compatible for Editor in 0.94 ms, found 2 plugins.
Preloading 0 native plugins for Editor in 0.00 ms.
Mono: successfully reloaded assembly
- Completed reload, in  2.449 seconds
Platform modules already initialized, skipping
Shader 'Universal Render Pipeline/Particles/Lit': fallback shader 'Universal Render Pipeline/Particles/SimpleLit' not found
Refreshing native plugins compatible for Editor in 0.64 ms, found 2 plugins.
Preloading 0 native plugins for Editor in 0.00 ms.
Unloading 2737 Unused Serialized files (Serialized files now loaded: 0)
System memory in use before: 128.7 MB.
System memory in use after: 128.9 MB.

Unloading 11 unused Assets to reduce memory usage. Loaded Objects now: 3418.
Total: 4.056500 ms (FindLiveObjects: 0.313600 ms CreateObjectMapping: 0.202000 ms MarkObjects: 3.509700 ms  DeleteObjects: 0.029800 ms)

========================================================================
Received Prepare
Registering precompiled user dll's ...
Registered in 0.003228 seconds.
Begin MonoManager ReloadAssembly
Native extension for Lumin target not found
Native extension for LinuxStandalone target not found
Native extension for WindowsStandalone target not found
Native extension for OSXStandalone target not found
Refreshing native plugins compatible for Editor in 0.65 ms, found 2 plugins.
Preloading 0 native plugins for Editor in 0.00 ms.
Mono: successfully reloaded assembly
- Completed reload, in  1.915 seconds
Platform modules already initialized, skipping
Shader 'Universal Render Pipeline/Particles/Lit': fallback shader 'Universal Render Pipeline/Particles/SimpleLit' not found
Refreshing native plugins compatible for Editor in 0.59 ms, found 2 plugins.
Preloading 0 native plugins for Editor in 0.00 ms.
Unloading 2737 Unused Serialized files (Serialized files now loaded: 0)
System memory in use before: 128.7 MB.
System memory in use after: 128.9 MB.

Unloading 11 unused Assets to reduce memory usage. Loaded Objects now: 3420.
Total: 3.754200 ms (FindLiveObjects: 0.274100 ms CreateObjectMapping: 0.141700 ms MarkObjects: 3.317800 ms  DeleteObjects: 0.019500 ms)

========================================================================
Received Import Request.
  Time since last request: 518.907945 seconds.
  path: Assets/Prefeb/Slime.prefab
  artifactKey: Guid(cb6d5becc71681c4dbc1b180eeab50eb) Importer(815301076,1909f56bfc062723c751e8b465ee728b)
Start importing Assets/Prefeb/Slime.prefab using Guid(cb6d5becc71681c4dbc1b180eeab50eb) Importer(815301076,1909f56bfc062723c751e8b465ee728b)  -> (artifact id: '63f8fbba49d7b845631727fc4768855c') in 3.968572 seconds 
========================================================================
Received Prepare
Registering precompiled user dll's ...
Registered in 0.002333 seconds.
Begin MonoManager ReloadAssembly
Native extension for Lumin target not found
Native extension for LinuxStandalone target not found
Native extension for WindowsStandalone target not found
Native extension for OSXStandalone target not found
Refreshing native plugins compatible for Editor in 0.54 ms, found 2 plugins.
Preloading 0 native plugins for Editor in 0.00 ms.
Mono: successfully reloaded assembly
- Completed reload, in  1.519 seconds
Platform modules already initialized, skipping
Shader 'Universal Render Pipeline/Particles/Lit': fallback shader 'Universal Render Pipeline/Particles/SimpleLit' not found
Refreshing native plugins compatible for Editor in 0.64 ms, found 2 plugins.
Preloading 0 native plugins for Editor in 0.00 ms.
Unloading 2737 Unused Serialized files (Serialized files now loaded: 0)
System memory in use before: 128.8 MB.
System memory in use after: 129.1 MB.

Unloading 11 unused Assets to reduce memory usage. Loaded Objects now: 3460.
Total: 5.159700 ms (FindLiveObjects: 0.524000 ms CreateObjectMapping: 0.306900 ms MarkObjects: 4.300600 ms  DeleteObjects: 0.026500 ms)

========================================================================
Received Prepare
Registering precompiled user dll's ...
Registered in 0.002564 seconds.
Begin MonoManager ReloadAssembly
Native extension for Lumin target not found
Native extension for LinuxStandalone target not found
Native extension for WindowsStandalone target not found
Native extension for OSXStandalone target not found
Refreshing native plugins compatible for Editor in 0.53 ms, found 2 plugins.
Preloading 0 native plugins for Editor in 0.00 ms.
Mono: successfully reloaded assembly
- Completed reload, in  2.028 seconds
Platform modules already initialized, skipping
Shader 'Universal Render Pipeline/Particles/Lit': fallback shader 'Universal Render Pipeline/Particles/SimpleLit' not found
Refreshing native plugins compatible for Editor in 0.77 ms, found 2 plugins.
Preloading 0 native plugins for Editor in 0.00 ms.
Unloading 2737 Unused Serialized files (Serialized files now loaded: 0)
System memory in use before: 128.8 MB.
System memory in use after: 129.0 MB.

Unloading 11 unused Assets to reduce memory usage. Loaded Objects now: 3462.
Total: 4.101700 ms (FindLiveObjects: 0.278400 ms CreateObjectMapping: 0.146000 ms MarkObjects: 3.654200 ms  DeleteObjects: 0.022000 ms)

========================================================================
Received Prepare
Registering precompiled user dll's ...
Registered in 0.002679 seconds.
Begin MonoManager ReloadAssembly
Native extension for Lumin target not found
Native extension for LinuxStandalone target not found
Native extension for WindowsStandalone target not found
Native extension for OSXStandalone target not found
Refreshing native plugins compatible for Editor in 0.63 ms, found 2 plugins.
Preloading 0 native plugins for Editor in 0.00 ms.
Mono: successfully reloaded assembly
- Completed reload, in  1.554 seconds
Platform modules already initialized, skipping
Shader 'Universal Render Pipeline/Particles/Lit': fallback shader 'Universal Render Pipeline/Particles/SimpleLit' not found
Refreshing native plugins compatible for Editor in 0.58 ms, found 2 plugins.
Preloading 0 native plugins for Editor in 0.00 ms.
Unloading 2737 Unused Serialized files (Serialized files now loaded: 0)
System memory in use before: 128.7 MB.
System memory in use after: 129.0 MB.

Unloading 11 unused Assets to reduce memory usage. Loaded Objects now: 3464.
Total: 3.033800 ms (FindLiveObjects: 0.249300 ms CreateObjectMapping: 0.137700 ms MarkObjects: 2.630400 ms  DeleteObjects: 0.015400 ms)

========================================================================
Received Import Request.
  Time since last request: 477.704890 seconds.
  path: Assets/Prefeb/FloatingTextt.prefab
  artifactKey: Guid(01dd6790e7d66de4e95c5cbcd3afd041) Importer(815301076,1909f56bfc062723c751e8b465ee728b)
Start importing Assets/Prefeb/FloatingTextt.prefab using Guid(01dd6790e7d66de4e95c5cbcd3afd041) Importer(815301076,1909f56bfc062723c751e8b465ee728b)  -> (artifact id: '65936d8ba725d193358f31fa8d7af647') in 0.057943 seconds 
========================================================================
Received Prepare
Registering precompiled user dll's ...
Registered in 0.002287 seconds.
Begin MonoManager ReloadAssembly
Native extension for Lumin target not found
Native extension for LinuxStandalone target not found
Native extension for WindowsStandalone target not found
Native extension for OSXStandalone target not found
Refreshing native plugins compatible for Editor in 0.57 ms, found 2 plugins.
Preloading 0 native plugins for Editor in 0.00 ms.
Mono: successfully reloaded assembly
- Completed reload, in  1.684 seconds
Platform modules already initialized, skipping
Shader 'Universal Render Pipeline/Particles/Lit': fallback shader 'Universal Render Pipeline/Particles/SimpleLit' not found
Refreshing native plugins compatible for Editor in 0.71 ms, found 2 plugins.
Preloading 0 native plugins for Editor in 0.00 ms.
Unloading 2737 Unused Serialized files (Serialized files now loaded: 0)
System memory in use before: 128.8 MB.
System memory in use after: 129.0 MB.

Unloading 11 unused Assets to reduce memory usage. Loaded Objects now: 3466.
Total: 3.648600 ms (FindLiveObjects: 0.274300 ms CreateObjectMapping: 0.159900 ms MarkObjects: 3.193900 ms  DeleteObjects: 0.019600 ms)

========================================================================
Received Prepare
Registering precompiled user dll's ...
Registered in 0.003429 seconds.
Begin MonoManager ReloadAssembly
Native extension for Lumin target not found
Native extension for LinuxStandalone target not found
Native extension for WindowsStandalone target not found
Native extension for OSXStandalone target not found
Refreshing native plugins compatible for Editor in 0.78 ms, found 2 plugins.
Preloading 0 native plugins for Editor in 0.00 ms.
Mono: successfully reloaded assembly
- Completed reload, in  1.820 seconds
Platform modules already initialized, skipping
Shader 'Universal Render Pipeline/Particles/Lit': fallback shader 'Universal Render Pipeline/Particles/SimpleLit' not found
Refreshing native plugins compatible for Editor in 0.61 ms, found 2 plugins.
Preloading 0 native plugins for Editor in 0.00 ms.
Unloading 2737 Unused Serialized files (Serialized files now loaded: 0)
System memory in use before: 128.8 MB.
System memory in use after: 129.0 MB.

Unloading 11 unused Assets to reduce memory usage. Loaded Objects now: 3468.
Total: 4.604000 ms (FindLiveObjects: 0.353800 ms CreateObjectMapping: 0.289200 ms MarkObjects: 3.933200 ms  DeleteObjects: 0.026500 ms)

========================================================================
Received Import Request.
  Time since last request: 1277.750492 seconds.
  path: Assets/Prefeb/FloatingTextPrefab.anim
  artifactKey: Guid(9845aac39d81c1a4da54c08bdb3daad0) Importer(815301076,1909f56bfc062723c751e8b465ee728b)
Start importing Assets/Prefeb/FloatingTextPrefab.anim using Guid(9845aac39d81c1a4da54c08bdb3daad0) Importer(815301076,1909f56bfc062723c751e8b465ee728b)  -> (artifact id: '61cf1651f94ba31adef462dd24e0f159') in 0.102849 seconds 
========================================================================
Received Prepare
Registering precompiled user dll's ...
Registered in 0.005013 seconds.
Begin MonoManager ReloadAssembly
Native extension for Lumin target not found
Native extension for LinuxStandalone target not found
Native extension for WindowsStandalone target not found
Native extension for OSXStandalone target not found
Refreshing native plugins compatible for Editor in 0.56 ms, found 2 plugins.
Preloading 0 native plugins for Editor in 0.00 ms.
Mono: successfully reloaded assembly
- Completed reload, in  1.732 seconds
Platform modules already initialized, skipping
Shader 'Universal Render Pipeline/Particles/Lit': fallback shader 'Universal Render Pipeline/Particles/SimpleLit' not found
Refreshing native plugins compatible for Editor in 0.64 ms, found 2 plugins.
Preloading 0 native plugins for Editor in 0.00 ms.
Unloading 2737 Unused Serialized files (Serialized files now loaded: 0)
System memory in use before: 128.8 MB.
System memory in use after: 129.0 MB.

Unloading 11 unused Assets to reduce memory usage. Loaded Objects now: 3470.
Total: 3.811400 ms (FindLiveObjects: 0.264600 ms CreateObjectMapping: 0.144700 ms MarkObjects: 3.384400 ms  DeleteObjects: 0.016600 ms)

========================================================================
Received Import Request.
  Time since last request: 8.639885 seconds.
  path: Assets/Prefeb/FloatingText.prefab
  artifactKey: Guid(0e446e83ea7098d479aff322e73bcd26) Importer(815301076,1909f56bfc062723c751e8b465ee728b)
Start importing Assets/Prefeb/FloatingText.prefab using Guid(0e446e83ea7098d479aff322e73bcd26) Importer(815301076,1909f56bfc062723c751e8b465ee728b)  -> (artifact id: '1646bdb354ff5c922302b12be2eba36f') in 0.037060 seconds 
========================================================================
Received Import Request.
  Time since last request: 5.965785 seconds.
  path: Assets/Prefeb/FloatingText.prefab
  artifactKey: Guid(0e446e83ea7098d479aff322e73bcd26) Importer(815301076,1909f56bfc062723c751e8b465ee728b)
Start importing Assets/Prefeb/FloatingText.prefab using Guid(0e446e83ea7098d479aff322e73bcd26) Importer(815301076,1909f56bfc062723c751e8b465ee728b)  -> (artifact id: '932deba7e3099143e7da88ee50e91a0b') in 0.007176 seconds 
========================================================================
Received Prepare
Registering precompiled user dll's ...
Registered in 0.003064 seconds.
Begin MonoManager ReloadAssembly
Native extension for Lumin target not found
Native extension for LinuxStandalone target not found
Native extension for WindowsStandalone target not found
Native extension for OSXStandalone target not found
Refreshing native plugins compatible for Editor in 0.73 ms, found 2 plugins.
Preloading 0 native plugins for Editor in 0.00 ms.
Mono: successfully reloaded assembly
- Completed reload, in  1.434 seconds
Platform modules already initialized, skipping
Shader 'Universal Render Pipeline/Particles/Lit': fallback shader 'Universal Render Pipeline/Particles/SimpleLit' not found
Refreshing native plugins compatible for Editor in 0.66 ms, found 2 plugins.
Preloading 0 native plugins for Editor in 0.00 ms.
Unloading 2737 Unused Serialized files (Serialized files now loaded: 0)
System memory in use before: 128.8 MB.
System memory in use after: 129.0 MB.

Unloading 11 unused Assets to reduce memory usage. Loaded Objects now: 3472.
Total: 3.699900 ms (FindLiveObjects: 0.304800 ms CreateObjectMapping: 0.163900 ms MarkObjects: 3.209700 ms  DeleteObjects: 0.020400 ms)

========================================================================
Received Prepare
Registering precompiled user dll's ...
Registered in 0.002271 seconds.
Begin MonoManager ReloadAssembly
Native extension for Lumin target not found
Native extension for LinuxStandalone target not found
Native extension for WindowsStandalone target not found
Native extension for OSXStandalone target not found
Refreshing native plugins compatible for Editor in 0.53 ms, found 2 plugins.
Preloading 0 native plugins for Editor in 0.00 ms.
Mono: successfully reloaded assembly
- Completed reload, in  2.657 seconds
Platform modules already initialized, skipping
Shader 'Universal Render Pipeline/Particles/Lit': fallback shader 'Universal Render Pipeline/Particles/SimpleLit' not found
Refreshing native plugins compatible for Editor in 0.58 ms, found 2 plugins.
Preloading 0 native plugins for Editor in 0.00 ms.
Unloading 2737 Unused Serialized files (Serialized files now loaded: 0)
System memory in use before: 128.8 MB.
System memory in use after: 129.0 MB.

Unloading 11 unused Assets to reduce memory usage. Loaded Objects now: 3474.
Total: 3.391400 ms (FindLiveObjects: 0.270000 ms CreateObjectMapping: 0.131800 ms MarkObjects: 2.971100 ms  DeleteObjects: 0.017700 ms)

========================================================================
Received Prepare
Registering precompiled user dll's ...
Registered in 0.007367 seconds.
Begin MonoManager ReloadAssembly
Native extension for Lumin target not found
Native extension for LinuxStandalone target not found
Native extension for WindowsStandalone target not found
Native extension for OSXStandalone target not found
Refreshing native plugins compatible for Editor in 0.56 ms, found 2 plugins.
Preloading 0 native plugins for Editor in 0.00 ms.
Mono: successfully reloaded assembly
- Completed reload, in  1.486 seconds
Platform modules already initialized, skipping
Shader 'Universal Render Pipeline/Particles/Lit': fallback shader 'Universal Render Pipeline/Particles/SimpleLit' not found
Refreshing native plugins compatible for Editor in 0.65 ms, found 2 plugins.
Preloading 0 native plugins for Editor in 0.00 ms.
Unloading 2737 Unused Serialized files (Serialized files now loaded: 0)
System memory in use before: 128.8 MB.
System memory in use after: 129.0 MB.

Unloading 11 unused Assets to reduce memory usage. Loaded Objects now: 3476.
Total: 4.248600 ms (FindLiveObjects: 0.283000 ms CreateObjectMapping: 0.145600 ms MarkObjects: 3.797600 ms  DeleteObjects: 0.021300 ms)

========================================================================
Received Import Request.
  Time since last request: 455.800343 seconds.
  path: Assets/Prefeb/FloatingText.prefab
  artifactKey: Guid(0e446e83ea7098d479aff322e73bcd26) Importer(815301076,1909f56bfc062723c751e8b465ee728b)
Start importing Assets/Prefeb/FloatingText.prefab using Guid(0e446e83ea7098d479aff322e73bcd26) Importer(815301076,1909f56bfc062723c751e8b465ee728b)  -> (artifact id: 'a88431f129a23e8a59cffd927d7c48ae') in 0.064571 seconds 
========================================================================
Received Prepare
Registering precompiled user dll's ...
Registered in 0.003880 seconds.
Begin MonoManager ReloadAssembly
Native extension for Lumin target not found
Native extension for LinuxStandalone target not found
Native extension for WindowsStandalone target not found
Native extension for OSXStandalone target not found
Refreshing native plugins compatible for Editor in 0.59 ms, found 2 plugins.
Preloading 0 native plugins for Editor in 0.00 ms.
Mono: successfully reloaded assembly
- Completed reload, in  1.435 seconds
Platform modules already initialized, skipping
Shader 'Universal Render Pipeline/Particles/Lit': fallback shader 'Universal Render Pipeline/Particles/SimpleLit' not found
Refreshing native plugins compatible for Editor in 0.62 ms, found 2 plugins.
Preloading 0 native plugins for Editor in 0.00 ms.
Unloading 2737 Unused Serialized files (Serialized files now loaded: 0)
System memory in use before: 128.8 MB.
System memory in use after: 129.0 MB.

Unloading 11 unused Assets to reduce memory usage. Loaded Objects now: 3478.
Total: 3.333700 ms (FindLiveObjects: 0.267000 ms CreateObjectMapping: 0.147700 ms MarkObjects: 2.901800 ms  DeleteObjects: 0.016200 ms)

========================================================================
Received Import Request.
  Time since last request: 135.746036 seconds.
  path: Assets/Prefeb/FloatingText.prefab
  artifactKey: Guid(0e446e83ea7098d479aff322e73bcd26) Importer(815301076,1909f56bfc062723c751e8b465ee728b)
Start importing Assets/Prefeb/FloatingText.prefab using Guid(0e446e83ea7098d479aff322e73bcd26) Importer(815301076,1909f56bfc062723c751e8b465ee728b)  -> (artifact id: '1cd7cbf5b0d9e19137ab581e94c955cc') in 0.039144 seconds 
========================================================================
Received Prepare
Registering precompiled user dll's ...
Registered in 0.004691 seconds.
Begin MonoManager ReloadAssembly
Native extension for Lumin target not found
Native extension for LinuxStandalone target not found
Native extension for WindowsStandalone target not found
Native extension for OSXStandalone target not found
Refreshing native plugins compatible for Editor in 0.56 ms, found 2 plugins.
Preloading 0 native plugins for Editor in 0.00 ms.
Mono: successfully reloaded assembly
- Completed reload, in  1.751 seconds
Platform modules already initialized, skipping
Shader 'Universal Render Pipeline/Particles/Lit': fallback shader 'Universal Render Pipeline/Particles/SimpleLit' not found
Refreshing native plugins compatible for Editor in 0.62 ms, found 2 plugins.
Preloading 0 native plugins for Editor in 0.00 ms.
Unloading 2737 Unused Serialized files (Serialized files now loaded: 0)
System memory in use before: 128.8 MB.
System memory in use after: 129.0 MB.

Unloading 11 unused Assets to reduce memory usage. Loaded Objects now: 3480.
Total: 3.458100 ms (FindLiveObjects: 0.298900 ms CreateObjectMapping: 0.163500 ms MarkObjects: 2.977200 ms  DeleteObjects: 0.017500 ms)

========================================================================
Received Import Request.
  Time since last request: 176.291123 seconds.
  path: Assets/Prefeb/FloatingTextt.prefab
  artifactKey: Guid(01dd6790e7d66de4e95c5cbcd3afd041) Importer(815301076,1909f56bfc062723c751e8b465ee728b)
Start importing Assets/Prefeb/FloatingTextt.prefab using Guid(01dd6790e7d66de4e95c5cbcd3afd041) Importer(815301076,1909f56bfc062723c751e8b465ee728b)  -> (artifact id: '82b2e96235caae24f08604ab55be937d') in 0.034353 seconds 
========================================================================
Received Prepare
Registering precompiled user dll's ...
Registered in 0.003809 seconds.
Begin MonoManager ReloadAssembly
Native extension for Lumin target not found
Native extension for LinuxStandalone target not found
Native extension for WindowsStandalone target not found
Native extension for OSXStandalone target not found
Refreshing native plugins compatible for Editor in 0.52 ms, found 2 plugins.
Preloading 0 native plugins for Editor in 0.00 ms.
Mono: successfully reloaded assembly
- Completed reload, in  2.009 seconds
Platform modules already initialized, skipping
Shader 'Universal Render Pipeline/Particles/Lit': fallback shader 'Universal Render Pipeline/Particles/SimpleLit' not found
Refreshing native plugins compatible for Editor in 0.68 ms, found 2 plugins.
Preloading 0 native plugins for Editor in 0.00 ms.
Unloading 2737 Unused Serialized files (Serialized files now loaded: 0)
System memory in use before: 128.8 MB.
System memory in use after: 129.0 MB.

Unloading 11 unused Assets to reduce memory usage. Loaded Objects now: 3482.
Total: 3.591300 ms (FindLiveObjects: 0.228900 ms CreateObjectMapping: 0.126700 ms MarkObjects: 3.208000 ms  DeleteObjects: 0.026600 ms)

========================================================================
Received Import Request.
  Time since last request: 52.296945 seconds.
  path: Assets/Prefeb/FloatingTextt.controller
  artifactKey: Guid(e0de25fde8455db42800e9ef1b1bd41c) Importer(815301076,1909f56bfc062723c751e8b465ee728b)
Start importing Assets/Prefeb/FloatingTextt.controller using Guid(e0de25fde8455db42800e9ef1b1bd41c) Importer(815301076,1909f56bfc062723c751e8b465ee728b)  -> (artifact id: '73f9b54d9022b62e392ec65619cca04b') in 0.024357 seconds 
========================================================================
Received Prepare
Registering precompiled user dll's ...
Registered in 0.003909 seconds.
Begin MonoManager ReloadAssembly
Native extension for Lumin target not found
Native extension for LinuxStandalone target not found
Native extension for WindowsStandalone target not found
Native extension for OSXStandalone target not found
Refreshing native plugins compatible for Editor in 0.64 ms, found 2 plugins.
Preloading 0 native plugins for Editor in 0.00 ms.
Mono: successfully reloaded assembly
- Completed reload, in  1.586 seconds
Platform modules already initialized, skipping
Shader 'Universal Render Pipeline/Particles/Lit': fallback shader 'Universal Render Pipeline/Particles/SimpleLit' not found
Refreshing native plugins compatible for Editor in 0.71 ms, found 2 plugins.
Preloading 0 native plugins for Editor in 0.00 ms.
Unloading 2737 Unused Serialized files (Serialized files now loaded: 0)
System memory in use before: 128.8 MB.
System memory in use after: 129.1 MB.

Unloading 11 unused Assets to reduce memory usage. Loaded Objects now: 3484.
Total: 4.240200 ms (FindLiveObjects: 0.424100 ms CreateObjectMapping: 0.189200 ms MarkObjects: 3.603500 ms  DeleteObjects: 0.022000 ms)

========================================================================
Received Prepare
Registering precompiled user dll's ...
Registered in 0.003294 seconds.
Begin MonoManager ReloadAssembly
Native extension for Lumin target not found
Native extension for LinuxStandalone target not found
Native extension for WindowsStandalone target not found
Native extension for OSXStandalone target not found
Refreshing native plugins compatible for Editor in 0.52 ms, found 2 plugins.
Preloading 0 native plugins for Editor in 0.00 ms.
Mono: successfully reloaded assembly
- Completed reload, in  1.249 seconds
Platform modules already initialized, skipping
Shader 'Universal Render Pipeline/Particles/Lit': fallback shader 'Universal Render Pipeline/Particles/SimpleLit' not found
Refreshing native plugins compatible for Editor in 0.56 ms, found 2 plugins.
Preloading 0 native plugins for Editor in 0.00 ms.
Unloading 2737 Unused Serialized files (Serialized files now loaded: 0)
System memory in use before: 128.8 MB.
System memory in use after: 129.1 MB.

Unloading 11 unused Assets to reduce memory usage. Loaded Objects now: 3486.
Total: 3.278400 ms (FindLiveObjects: 0.258200 ms CreateObjectMapping: 0.125200 ms MarkObjects: 2.877200 ms  DeleteObjects: 0.016900 ms)

========================================================================
Received Prepare
Registering precompiled user dll's ...
Registered in 0.003390 seconds.
Begin MonoManager ReloadAssembly
Native extension for Lumin target not found
Native extension for LinuxStandalone target not found
Native extension for WindowsStandalone target not found
Native extension for OSXStandalone target not found
Refreshing native plugins compatible for Editor in 0.77 ms, found 2 plugins.
Preloading 0 native plugins for Editor in 0.00 ms.
Mono: successfully reloaded assembly
- Completed reload, in  2.187 seconds
Platform modules already initialized, skipping
Shader 'Universal Render Pipeline/Particles/Lit': fallback shader 'Universal Render Pipeline/Particles/SimpleLit' not found
Refreshing native plugins compatible for Editor in 0.97 ms, found 2 plugins.
Preloading 0 native plugins for Editor in 0.00 ms.
Unloading 2737 Unused Serialized files (Serialized files now loaded: 0)
System memory in use before: 128.8 MB.
System memory in use after: 129.1 MB.

Unloading 11 unused Assets to reduce memory usage. Loaded Objects now: 3488.
Total: 7.669600 ms (FindLiveObjects: 0.406000 ms CreateObjectMapping: 0.257200 ms MarkObjects: 6.972100 ms  DeleteObjects: 0.032700 ms)

========================================================================
Received Import Request.
  Time since last request: 5605.161002 seconds.
  path: Assets/Prefeb/FloatingTextt.prefab
  artifactKey: Guid(01dd6790e7d66de4e95c5cbcd3afd041) Importer(815301076,1909f56bfc062723c751e8b465ee728b)
Start importing Assets/Prefeb/FloatingTextt.prefab using Guid(01dd6790e7d66de4e95c5cbcd3afd041) Importer(815301076,1909f56bfc062723c751e8b465ee728b)  -> (artifact id: 'ffd957738fbffebdc3cbbd66991b918f') in 0.106177 seconds 
========================================================================
Received Prepare
Registering precompiled user dll's ...
Registered in 0.003954 seconds.
Begin MonoManager ReloadAssembly
Native extension for Lumin target not found
Native extension for LinuxStandalone target not found
Native extension for WindowsStandalone target not found
Native extension for OSXStandalone target not found
Refreshing native plugins compatible for Editor in 0.59 ms, found 2 plugins.
Preloading 0 native plugins for Editor in 0.00 ms.
Mono: successfully reloaded assembly
- Completed reload, in  1.608 seconds
Platform modules already initialized, skipping
Shader 'Universal Render Pipeline/Particles/Lit': fallback shader 'Universal Render Pipeline/Particles/SimpleLit' not found
Refreshing native plugins compatible for Editor in 0.57 ms, found 2 plugins.
Preloading 0 native plugins for Editor in 0.00 ms.
Unloading 2737 Unused Serialized files (Serialized files now loaded: 0)
System memory in use before: 128.8 MB.
System memory in use after: 129.1 MB.

Unloading 11 unused Assets to reduce memory usage. Loaded Objects now: 3490.
Total: 3.435900 ms (FindLiveObjects: 0.264700 ms CreateObjectMapping: 0.187400 ms MarkObjects: 2.963500 ms  DeleteObjects: 0.019600 ms)

========================================================================
Received Import Request.
  Time since last request: 313.546112 seconds.
  path: Assets/Prefeb/Slime.prefab
  artifactKey: Guid(cb6d5becc71681c4dbc1b180eeab50eb) Importer(815301076,1909f56bfc062723c751e8b465ee728b)
Start importing Assets/Prefeb/Slime.prefab using Guid(cb6d5becc71681c4dbc1b180eeab50eb) Importer(815301076,1909f56bfc062723c751e8b465ee728b)  -> (artifact id: 'ff783941ae3288fb10a3bfc9cbb5abcc') in 0.784123 seconds 
========================================================================
Received Prepare
Registering precompiled user dll's ...
Registered in 0.002710 seconds.
Begin MonoManager ReloadAssembly
Native extension for Lumin target not found
Native extension for LinuxStandalone target not found
Native extension for WindowsStandalone target not found
Native extension for OSXStandalone target not found
Refreshing native plugins compatible for Editor in 0.55 ms, found 2 plugins.
Preloading 0 native plugins for Editor in 0.00 ms.
Mono: successfully reloaded assembly
- Completed reload, in  1.367 seconds
Platform modules already initialized, skipping
Shader 'Universal Render Pipeline/Particles/Lit': fallback shader 'Universal Render Pipeline/Particles/SimpleLit' not found
Refreshing native plugins compatible for Editor in 0.56 ms, found 2 plugins.
Preloading 0 native plugins for Editor in 0.00 ms.
Unloading 2737 Unused Serialized files (Serialized files now loaded: 0)
System memory in use before: 129.0 MB.
System memory in use after: 129.2 MB.

Unloading 11 unused Assets to reduce memory usage. Loaded Objects now: 3530.
Total: 3.228900 ms (FindLiveObjects: 0.248200 ms CreateObjectMapping: 0.124200 ms MarkObjects: 2.840400 ms  DeleteObjects: 0.015200 ms)

========================================================================
Received Import Request.
  Time since last request: 320.071729 seconds.
  path: Assets/Prefeb/lizard.prefab
  artifactKey: Guid(0ad87f3b04aea0e4ab72368c96509a07) Importer(815301076,1909f56bfc062723c751e8b465ee728b)
Start importing Assets/Prefeb/lizard.prefab using Guid(0ad87f3b04aea0e4ab72368c96509a07) Importer(815301076,1909f56bfc062723c751e8b465ee728b)  -> (artifact id: '69ba72547c4641c5eee1a5c1b70dd1d1') in 0.392628 seconds 
AssetImportWorkerClient::OnTransportError - code=2 error=End of file
